<?xml version="1.0" encoding="UTF-8"?>
<!-- Generated by org.testng.reporters.JUnitReportReporter -->
<testsuite hostname="DhananjayP-PC" failures="0" tests="1" name="day6_SchemaValidation.XML_SchemaValidation" time="1.700" errors="0" timestamp="2024-02-23T12:00:03 IST" skipped="0">
  <testcase classname="day6_SchemaValidation.XML_SchemaValidation" name="JsonSchemaValidation" time="1.700"/>
</testsuite> <!-- day6_SchemaValidation.XML_SchemaValidation -->
