<?xml version="1.0" encoding="UTF-8"?>
<!-- Generated by org.testng.reporters.JUnitReportReporter -->
<testsuite hostname="DhananjayP-PC" failures="0" tests="1" name="day6_SchemaValidation.JSON_SchemaValidation" time="1.887" errors="0" timestamp="2024-02-23T11:36:15 IST" skipped="0">
  <testcase classname="day6_SchemaValidation.JSON_SchemaValidation" name="JsonSchemaValidation" time="1.887"/>
</testsuite> <!-- day6_SchemaValidation.JSON_SchemaValidation -->
