<?xml version="1.0" encoding="UTF-8"?>
<!-- Generated by org.testng.reporters.JUnitReportReporter -->
<testsuite hostname="DhananjayP-PC" failures="0" tests="1" name="day5_ParsingXML_Response_Data.FileUploadAndDownload" time="2.004" errors="0" timestamp="2024-02-16T14:42:38 IST" skipped="0">
  <testcase classname="day5_ParsingXML_Response_Data.FileUploadAndDownload" name="DownloadFile" time="2.004"/>
</testsuite> <!-- day5_ParsingXML_Response_Data.FileUploadAndDownload -->
