<?xml version="1.0" encoding="UTF-8"?>
<!-- Generated by org.testng.reporters.JUnitReportReporter -->
<testsuite hostname="DhananjayP-PC" failures="0" tests="1" name="day3.PathAndQueryParameters" time="2.212" errors="0" timestamp="2024-02-15T10:16:48 IST" skipped="0">
  <testcase classname="day3.PathAndQueryParameters" name="testPathAndQueryParameters" time="2.212"/>
</testsuite> <!-- day3.PathAndQueryParameters -->
