<?xml version="1.0" encoding="UTF-8"?>
<!-- Generated by org.testng.reporters.JUnitReportReporter -->
<testsuite hostname="DhananjayP-PC" failures="0" tests="1" name="day3.cookiesDemo" time="2.379" errors="0" timestamp="2024-02-15T10:38:58 IST" skipped="0">
  <testcase classname="day3.cookiesDemo" name="getCookiesInfo" time="2.379"/>
</testsuite> <!-- day3.cookiesDemo -->
