<?xml version="1.0" encoding="UTF-8"?>
<!-- Generated by org.testng.reporters.JUnitReportReporter -->
<testsuite hostname="DhananjayP-PC" failures="0" tests="1" name="day3.HeadersDemo" time="2.087" errors="0" timestamp="2024-02-15T10:52:08 IST" skipped="0">
  <testcase classname="day3.HeadersDemo" name="getHeaders" time="2.087"/>
</testsuite> <!-- day3.HeadersDemo -->
