<?xml version="1.0" encoding="UTF-8"?>
<!-- Generated by org.testng.reporters.JUnitReportReporter -->
<testsuite hostname="DhananjayP-PC" failures="0" tests="2" name="day6_SchemaValidation.SerilazationDeserilazation" time="0.275" errors="0" timestamp="2024-02-23T12:53:10 IST" skipped="0">
  <testcase classname="day6_SchemaValidation.SerilazationDeserilazation" name="convertPOJOtoJSON" time="0.248"/>
  <testcase classname="day6_SchemaValidation.SerilazationDeserilazation" name="convertJSONtoPOJO" time="0.027"/>
</testsuite> <!-- day6_SchemaValidation.SerilazationDeserilazation -->
