<?xml version="1.0" encoding="UTF-8"?>
<!-- Generated by org.testng.reporters.JUnitReportReporter -->
<testsuite hostname="DhananjayP-PC" failures="0" tests="2" name="day5_ParsingXML_Response_Data.ParsingXML_Response" time="2.298" errors="0" timestamp="2024-02-15T15:02:49 IST" skipped="0">
  <testcase classname="day5_ParsingXML_Response_Data.ParsingXML_Response" name="testXMLResponse1" time="2.128"/>
  <testcase classname="day5_ParsingXML_Response_Data.ParsingXML_Response" name="testXMLResponse2" time="0.170"/>
</testsuite> <!-- day5_ParsingXML_Response_Data.ParsingXML_Response -->
