<?xml version="1.0" encoding="UTF-8"?>
<!-- Generated by org.testng.reporters.JUnitReportReporter -->
<testsuite hostname="DhananjayP-PC" failures="0" tests="1" name="day3.LoggingDemo" time="1.713" errors="0" timestamp="2024-02-15T10:57:46 IST" skipped="0">
  <testcase classname="day3.LoggingDemo" name="testLog" time="1.713"/>
</testsuite> <!-- day3.LoggingDemo -->
