<?xml version="1.0" encoding="UTF-8"?>
<!-- Generated by org.testng.reporters.JUnitReportReporter -->
<testsuite hostname="DhananjayP-PC" failures="0" tests="1" name="day4_Valiudate_Response_Data.PassingJSON_Response_Data" time="1.545" errors="0" timestamp="2024-02-15T14:28:38 IST" skipped="0">
  <testcase classname="day4_Valiudate_Response_Data.PassingJSON_Response_Data" name="testJsonResponseBodyData" time="1.545"/>
</testsuite> <!-- day4_Valiudate_Response_Data.PassingJSON_Response_Data -->
