<?xml version="1.0" encoding="UTF-8"?>
<!-- Generated by org.testng.reporters.JUnitReportReporter -->
<testsuite hostname="DhananjayP-PC" failures="0" tests="2" name="day2.DiffrentWayToCreatePostRequestBody" time="1.938" errors="0" timestamp="2024-02-14T18:08:21 IST" skipped="0">
  <testcase classname="day2.DiffrentWayToCreatePostRequestBody" name="testPostUsing_ExternalFile" time="1.884"/>
  <testcase classname="day2.DiffrentWayToCreatePostRequestBody" name="deleteRecord" time="0.054"/>
</testsuite> <!-- day2.DiffrentWayToCreatePostRequestBody -->
