<?xml version="1.0" encoding="UTF-8"?>
<!-- Generated by org.testng.reporters.JUnitReportReporter -->
<testsuite hostname="DhananjayP-PC" failures="0" tests="5" name="day1.HTTP_Request" time="4.346" errors="0" timestamp="2024-02-13T15:51:50 IST" skipped="0">
  <testcase classname="day1.HTTP_Request" name="getUsers" time="2.150"/>
  <testcase classname="day1.HTTP_Request" name="createUser" time="0.842"/>
  <testcase classname="day1.HTTP_Request" name="createUser2" time="0.423"/>
  <testcase classname="day1.HTTP_Request" name="updateUser" time="0.508"/>
  <testcase classname="day1.HTTP_Request" name="deleteUser" time="0.423"/>
</testsuite> <!-- day1.HTTP_Request -->
